TN:
SF:src/analyzer.js
FN:8,(anonymous_0)
FN:119,(anonymous_1)
FN:123,(anonymous_2)
FN:124,(anonymous_3)
FN:131,(anonymous_4)
FN:134,(anonymous_5)
FN:213,(anonymous_6)
FN:217,(anonymous_7)
FN:258,(anonymous_8)
FN:269,(anonymous_9)
FN:274,(anonymous_10)
FN:302,(anonymous_11)
FN:311,(anonymous_12)
FN:328,(anonymous_13)
FN:346,(anonymous_14)
FN:413,(anonymous_15)
FN:416,(anonymous_16)
FN:436,(anonymous_17)
FN:451,(anonymous_18)
FN:454,(anonymous_19)
FN:493,(anonymous_20)
FN:502,(anonymous_21)
FN:523,(anonymous_22)
FN:537,(anonymous_23)
FN:545,(anonymous_24)
FN:554,(anonymous_25)
FN:564,(anonymous_26)
FN:569,(anonymous_27)
FN:582,(anonymous_28)
FN:586,(anonymous_29)
FN:590,(anonymous_30)
FN:597,(anonymous_31)
FN:616,(anonymous_32)
FN:635,(anonymous_33)
FN:654,(anonymous_34)
FN:671,(anonymous_35)
FN:680,(anonymous_36)
FNF:37
FNH:27
FNDA:3,(anonymous_0)
FNDA:7,(anonymous_1)
FNDA:15,(anonymous_2)
FNDA:15,(anonymous_3)
FNDA:5,(anonymous_4)
FNDA:0,(anonymous_5)
FNDA:19,(anonymous_6)
FNDA:171,(anonymous_7)
FNDA:51,(anonymous_8)
FNDA:63,(anonymous_9)
FNDA:19,(anonymous_10)
FNDA:60,(anonymous_11)
FNDA:12,(anonymous_12)
FNDA:60,(anonymous_13)
FNDA:0,(anonymous_14)
FNDA:5,(anonymous_15)
FNDA:0,(anonymous_16)
FNDA:24,(anonymous_17)
FNDA:5,(anonymous_18)
FNDA:12,(anonymous_19)
FNDA:5,(anonymous_20)
FNDA:4,(anonymous_21)
FNDA:1,(anonymous_22)
FNDA:3,(anonymous_23)
FNDA:2,(anonymous_24)
FNDA:5,(anonymous_25)
FNDA:10,(anonymous_26)
FNDA:0,(anonymous_27)
FNDA:3,(anonymous_28)
FNDA:4,(anonymous_29)
FNDA:4,(anonymous_30)
FNDA:0,(anonymous_31)
FNDA:0,(anonymous_32)
FNDA:0,(anonymous_33)
FNDA:0,(anonymous_34)
FNDA:0,(anonymous_35)
FNDA:0,(anonymous_36)
DA:1,3
DA:2,3
DA:3,3
DA:4,3
DA:5,3
DA:9,3
DA:10,3
DA:11,3
DA:120,7
DA:121,7
DA:122,7
DA:123,15
DA:124,15
DA:125,7
DA:127,0
DA:132,5
DA:133,5
DA:134,0
DA:137,0
DA:138,0
DA:139,0
DA:142,0
DA:143,0
DA:146,0
DA:147,0
DA:148,0
DA:151,0
DA:162,0
DA:163,0
DA:164,0
DA:166,0
DA:167,0
DA:168,0
DA:170,0
DA:178,0
DA:179,0
DA:183,0
DA:188,0
DA:190,0
DA:192,0
DA:194,0
DA:196,0
DA:200,5
DA:202,2
DA:204,2
DA:206,1
DA:208,0
DA:214,19
DA:215,19
DA:216,19
DA:217,171
DA:219,16
DA:220,16
DA:222,16
DA:223,155
DA:224,12
DA:227,155
DA:228,24
DA:229,24
DA:230,24
DA:237,155
DA:238,36
DA:239,36
DA:241,36
DA:242,36
DA:251,16
DA:253,3
DA:254,3
DA:260,51
DA:270,63
DA:271,63
DA:275,19
DA:276,19
DA:277,19
DA:279,19
DA:280,18
DA:283,17
DA:286,17
DA:287,17
DA:288,17
DA:289,17
DA:290,17
DA:291,17
DA:294,17
DA:296,12
DA:301,12
DA:302,12
DA:303,60
DA:304,24
DA:305,24
DA:310,12
DA:311,12
DA:312,12
DA:313,12
DA:316,12
DA:317,8
DA:318,4
DA:319,4
DA:320,0
DA:321,0
DA:327,12
DA:328,12
DA:329,60
DA:330,60
DA:334,12
DA:335,12
DA:338,12
DA:342,17
DA:344,5
DA:345,5
DA:346,0
DA:349,0
DA:350,0
DA:351,0
DA:352,0
DA:353,0
DA:354,0
DA:358,0
DA:363,0
DA:364,0
DA:368,5
DA:369,5
DA:374,5
DA:377,5
DA:378,5
DA:382,17
DA:383,17
DA:384,17
DA:385,17
DA:387,17
DA:388,0
DA:391,0
DA:395,17
DA:408,2
DA:409,2
DA:414,5
DA:416,0
DA:417,0
DA:419,0
DA:420,0
DA:422,0
DA:423,0
DA:424,0
DA:427,0
DA:428,0
DA:429,0
DA:432,0
DA:437,24
DA:438,24
DA:440,23
DA:441,23
DA:443,22
DA:444,22
DA:445,22
DA:446,22
DA:448,22
DA:452,5
DA:454,5
DA:456,12
DA:458,0
DA:460,12
DA:464,12
DA:466,12
DA:467,9
DA:481,12
DA:482,12
DA:483,12
DA:484,12
DA:485,12
DA:486,12
DA:487,12
DA:488,12
DA:492,5
DA:494,5
DA:495,5
DA:496,5
DA:497,5
DA:498,5
DA:503,4
DA:504,4
DA:506,4
DA:507,9
DA:508,9
DA:509,9
DA:513,4
DA:514,4
DA:516,4
DA:524,1
DA:525,1
DA:527,1
DA:528,3
DA:529,3
DA:530,3
DA:534,1
DA:537,3
DA:543,1
DA:546,2
DA:547,2
DA:548,2
DA:555,5
DA:556,1
DA:564,4
DA:565,10
DA:566,0
DA:567,0
DA:568,0
DA:569,0
DA:571,10
DA:572,10
DA:573,10
DA:574,10
DA:576,10
DA:579,4
DA:583,3
DA:587,4
DA:591,4
DA:592,3
DA:593,2
DA:594,1
DA:598,0
DA:615,0
DA:616,0
DA:617,0
DA:618,0
DA:620,0
DA:632,0
DA:636,0
DA:654,0
DA:655,0
DA:668,0
DA:672,0
DA:673,0
DA:674,0
DA:675,0
DA:676,0
DA:677,0
DA:681,0
DA:682,0
DA:683,0
DA:686,0
DA:687,0
DA:688,0
DA:691,0
DA:692,0
DA:693,0
DA:694,0
DA:697,0
DA:701,3
LF:248
LH:163
BRDA:142,0,0,0
BRDA:142,0,1,0
BRDA:142,1,0,0
BRDA:142,1,1,0
BRDA:143,2,0,0
BRDA:143,2,1,0
BRDA:147,3,0,0
BRDA:147,3,1,0
BRDA:164,4,0,0
BRDA:164,4,1,0
BRDA:167,5,0,0
BRDA:167,5,1,0
BRDA:178,6,0,0
BRDA:178,6,1,0
BRDA:188,7,0,0
BRDA:188,7,1,0
BRDA:188,7,2,0
BRDA:188,7,3,0
BRDA:200,8,0,2
BRDA:200,8,1,2
BRDA:200,8,2,1
BRDA:200,8,3,0
BRDA:223,9,0,12
BRDA:223,9,1,143
BRDA:227,10,0,24
BRDA:227,10,1,131
BRDA:227,11,0,155
BRDA:227,11,1,84
BRDA:229,12,0,24
BRDA:229,12,1,0
BRDA:237,13,0,36
BRDA:237,13,1,119
BRDA:237,14,0,155
BRDA:237,14,1,84
BRDA:237,14,2,48
BRDA:241,15,0,36
BRDA:241,15,1,0
BRDA:241,16,0,36
BRDA:241,16,1,0
BRDA:243,17,0,36
BRDA:243,17,1,0
BRDA:243,18,0,36
BRDA:243,18,1,0
BRDA:244,19,0,16
BRDA:244,19,1,20
BRDA:244,20,0,16
BRDA:244,20,1,8
BRDA:271,21,0,61
BRDA:271,21,1,2
BRDA:294,22,0,12
BRDA:294,22,1,5
BRDA:296,23,0,12
BRDA:296,23,1,0
BRDA:303,24,0,24
BRDA:303,24,1,36
BRDA:305,25,0,24
BRDA:305,25,1,20
BRDA:310,26,0,12
BRDA:310,26,1,0
BRDA:312,27,0,12
BRDA:312,27,1,0
BRDA:316,28,0,8
BRDA:316,28,1,4
BRDA:318,29,0,4
BRDA:318,29,1,0
BRDA:320,30,0,0
BRDA:320,30,1,0
BRDA:329,31,0,36
BRDA:329,31,1,24
BRDA:330,32,0,8
BRDA:330,32,1,52
BRDA:334,33,0,12
BRDA:334,33,1,0
BRDA:335,34,0,12
BRDA:335,34,1,8
BRDA:338,35,0,8
BRDA:338,35,1,4
BRDA:338,36,0,4
BRDA:338,36,1,4
BRDA:342,37,0,5
BRDA:342,37,1,12
BRDA:352,38,0,0
BRDA:352,38,1,0
BRDA:363,39,0,0
BRDA:363,39,1,0
BRDA:363,40,0,0
BRDA:363,40,1,0
BRDA:368,41,0,5
BRDA:368,41,1,0
BRDA:377,42,0,5
BRDA:377,42,1,1
BRDA:378,43,0,5
BRDA:378,43,1,1
BRDA:383,44,0,17
BRDA:383,44,1,0
BRDA:387,45,0,0
BRDA:387,45,1,17
BRDA:399,46,0,17
BRDA:399,46,1,0
BRDA:402,47,0,17
BRDA:402,47,1,11
BRDA:403,48,0,17
BRDA:403,48,1,10
BRDA:404,49,0,17
BRDA:404,49,1,12
BRDA:405,50,0,17
BRDA:405,50,1,0
BRDA:414,51,0,5
BRDA:414,51,1,0
BRDA:414,52,0,5
BRDA:414,52,1,5
BRDA:417,53,0,0
BRDA:417,53,1,0
BRDA:422,54,0,0
BRDA:422,54,1,0
BRDA:424,55,0,0
BRDA:424,55,1,0
BRDA:427,56,0,0
BRDA:427,56,1,0
BRDA:429,57,0,0
BRDA:429,57,1,0
BRDA:438,58,0,1
BRDA:438,58,1,23
BRDA:441,59,0,1
BRDA:441,59,1,22
BRDA:456,60,0,0
BRDA:456,60,1,12
BRDA:466,61,0,9
BRDA:466,61,1,3
BRDA:494,62,0,0
BRDA:494,62,1,5
BRDA:495,63,0,0
BRDA:495,63,1,5
BRDA:497,64,0,0
BRDA:497,64,1,5
BRDA:502,65,0,4
BRDA:508,66,0,9
BRDA:508,66,1,0
BRDA:523,67,0,1
BRDA:529,68,0,3
BRDA:529,68,1,0
BRDA:546,69,0,0
BRDA:546,69,1,2
BRDA:547,70,0,0
BRDA:547,70,1,2
BRDA:555,71,0,1
BRDA:555,71,1,4
BRDA:565,72,0,0
BRDA:565,72,1,10
BRDA:571,73,0,10
BRDA:571,73,1,0
BRDA:572,74,0,10
BRDA:572,74,1,0
BRDA:574,75,0,10
BRDA:574,75,1,7
BRDA:591,76,0,1
BRDA:591,76,1,3
BRDA:592,77,0,1
BRDA:592,77,1,2
BRDA:593,78,0,1
BRDA:593,78,1,1
BRDA:617,79,0,0
BRDA:617,79,1,0
BRDA:657,80,0,0
BRDA:657,80,1,0
BRDA:680,81,0,0
BRDA:681,82,0,0
BRDA:681,82,1,0
BRDA:686,83,0,0
BRDA:686,83,1,0
BRDA:691,84,0,0
BRDA:691,84,1,0
BRDA:693,85,0,0
BRDA:693,85,1,0
BRF:174
BRH:97
end_of_record
